{"/Users/armasconi/401/js_cf_2024/seattle-javascript-401d58/class-01/demo/server/server.js": {"path":"/Users/armasconi/401/js_cf_2024/seattle-javascript-401d58/class-01/demo/server/server.js","statementMap":{"0":{"start":{"line":3,"column":16},"end":{"line":3,"column":34}},"1":{"start":{"line":4,"column":12},"end":{"line":4,"column":21}},"2":{"start":{"line":6,"column":24},"end":{"line":6,"column":52}},"3":{"start":{"line":7,"column":21},"end":{"line":7,"column":49}},"4":{"start":{"line":8,"column":20},"end":{"line":8,"column":54}},"5":{"start":{"line":11,"column":0},"end":{"line":11,"column":26}},"6":{"start":{"line":12,"column":0},"end":{"line":12,"column":39}},"7":{"start":{"line":13,"column":0},"end":{"line":13,"column":28}},"8":{"start":{"line":15,"column":0},"end":{"line":15,"column":30}},"9":{"start":{"line":16,"column":0},"end":{"line":16,"column":22}},"10":{"start":{"line":21,"column":2},"end":{"line":21,"column":37}},"11":{"start":{"line":25,"column":21},"end":{"line":29,"column":3}},"12":{"start":{"line":30,"column":2},"end":{"line":30,"column":37}},"13":{"start":{"line":35,"column":2},"end":{"line":35,"column":24}},"14":{"start":{"line":39,"column":2},"end":{"line":41,"column":5}},"15":{"start":{"line":40,"column":4},"end":{"line":40,"column":44}},"16":{"start":{"line":44,"column":0},"end":{"line":47,"column":1}}},"fnMap":{"0":{"name":"getHomePage","decl":{"start":{"line":20,"column":9},"end":{"line":20,"column":20}},"loc":{"start":{"line":20,"column":31},"end":{"line":22,"column":1}},"line":20},"1":{"name":"getData","decl":{"start":{"line":24,"column":9},"end":{"line":24,"column":16}},"loc":{"start":{"line":24,"column":27},"end":{"line":31,"column":1}},"line":24},"2":{"name":"forceError","decl":{"start":{"line":33,"column":9},"end":{"line":33,"column":19}},"loc":{"start":{"line":33,"column":36},"end":{"line":36,"column":1}},"line":33},"3":{"name":"start","decl":{"start":{"line":38,"column":9},"end":{"line":38,"column":14}},"loc":{"start":{"line":38,"column":21},"end":{"line":42,"column":1}},"line":38},"4":{"name":"(anonymous_4)","decl":{"start":{"line":39,"column":19},"end":{"line":39,"column":20}},"loc":{"start":{"line":39,"column":25},"end":{"line":41,"column":3}},"line":39}},"branchMap":{},"s":{"0":1,"1":1,"2":1,"3":1,"4":1,"5":1,"6":1,"7":1,"8":1,"9":1,"10":1,"11":2,"12":2,"13":1,"14":0,"15":0,"16":1},"f":{"0":1,"1":2,"2":1,"3":0,"4":0},"b":{},"_coverageSchema":"1a1c01bbd47fc00a2c39e90264f33305004495a9","hash":"4aa34c3e27ae080efed4c7fada61c3058ca867d1"}
,"/Users/armasconi/401/js_cf_2024/seattle-javascript-401d58/class-01/demo/server/handlers/404.js": {"path":"/Users/armasconi/401/js_cf_2024/seattle-javascript-401d58/class-01/demo/server/handlers/404.js","statementMap":{"0":{"start":{"line":4,"column":2},"end":{"line":8,"column":4}},"1":{"start":{"line":11,"column":0},"end":{"line":11,"column":26}}},"fnMap":{"0":{"name":"notFound","decl":{"start":{"line":3,"column":9},"end":{"line":3,"column":17}},"loc":{"start":{"line":3,"column":28},"end":{"line":9,"column":1}},"line":3}},"branchMap":{},"s":{"0":1,"1":1},"f":{"0":1},"b":{},"_coverageSchema":"1a1c01bbd47fc00a2c39e90264f33305004495a9","hash":"b284b1a3747577a2edda168aad5c3f1c30050b09"}
,"/Users/armasconi/401/js_cf_2024/seattle-javascript-401d58/class-01/demo/server/handlers/500.js": {"path":"/Users/armasconi/401/js_cf_2024/seattle-javascript-401d58/class-01/demo/server/handlers/500.js","statementMap":{"0":{"start":{"line":4,"column":2},"end":{"line":10,"column":4}},"1":{"start":{"line":13,"column":0},"end":{"line":13,"column":29}}},"fnMap":{"0":{"name":"serverError","decl":{"start":{"line":3,"column":9},"end":{"line":3,"column":20}},"loc":{"start":{"line":3,"column":45},"end":{"line":11,"column":1}},"line":3}},"branchMap":{},"s":{"0":1,"1":1},"f":{"0":1},"b":{},"_coverageSchema":"1a1c01bbd47fc00a2c39e90264f33305004495a9","hash":"1925980846d1e2e412395a460b01da9d149bcbf1"}
,"/Users/armasconi/401/js_cf_2024/seattle-javascript-401d58/class-01/demo/server/middleware/stamper.js": {"path":"/Users/armasconi/401/js_cf_2024/seattle-javascript-401d58/class-01/demo/server/middleware/stamper.js","statementMap":{"0":{"start":{"line":3,"column":0},"end":{"line":6,"column":1}},"1":{"start":{"line":4,"column":2},"end":{"line":4,"column":29}},"2":{"start":{"line":5,"column":2},"end":{"line":5,"column":9}}},"fnMap":{"0":{"name":"(anonymous_0)","decl":{"start":{"line":3,"column":17},"end":{"line":3,"column":18}},"loc":{"start":{"line":3,"column":37},"end":{"line":6,"column":1}},"line":3}},"branchMap":{},"s":{"0":1,"1":2,"2":2},"f":{"0":2},"b":{},"_coverageSchema":"1a1c01bbd47fc00a2c39e90264f33305004495a9","hash":"5444743e282ebfeff9224930695d5ee4da5b936b"}
}
