TN:
SF:server/server.js
FN:20,getHomePage
FN:24,getData
FN:33,forceError
FN:38,start
FN:39,(anonymous_4)
FNF:5
FNH:3
FNDA:1,getHomePage
FNDA:2,getData
FNDA:1,forceError
FNDA:0,start
FNDA:0,(anonymous_4)
DA:3,1
DA:4,1
DA:6,1
DA:7,1
DA:8,1
DA:11,1
DA:12,1
DA:13,1
DA:15,1
DA:16,1
DA:21,1
DA:25,2
DA:30,2
DA:35,1
DA:39,0
DA:40,0
DA:44,1
LF:17
LH:15
BRF:0
BRH:0
end_of_record
TN:
SF:server/handlers/404.js
FN:3,notFound
FNF:1
FNH:1
FNDA:1,notFound
DA:4,1
DA:11,1
LF:2
LH:2
BRF:0
BRH:0
end_of_record
TN:
SF:server/handlers/500.js
FN:3,serverError
FNF:1
FNH:1
FNDA:1,serverError
DA:4,1
DA:13,1
LF:2
LH:2
BRF:0
BRH:0
end_of_record
TN:
SF:server/middleware/stamper.js
FN:3,(anonymous_0)
FNF:1
FNH:1
FNDA:2,(anonymous_0)
DA:3,1
DA:4,2
DA:5,2
LF:3
LH:3
BRF:0
BRH:0
end_of_record
